Getting section_urls...
The total num of section_urls: 116
Getting article_urls from section:0, national-news-in-telugu...
page_count: 1, sec_articles:24, total_articles: 24
page_count: 2, sec_articles:45, total_articles: 45
page_count: 3, sec_articles:66, total_articles: 66
page_count: 4, sec_articles:87, total_articles: 87
page_count: 5, sec_articles:108, total_articles: 108
page_count: 6, sec_articles:129, total_articles: 129
page_count: 7, sec_articles:150, total_articles: 150
page_count: 8, sec_articles:171, total_articles: 171
page_count: 9, sec_articles:192, total_articles: 192
page_count: 10, sec_articles:213, total_articles: 213
page_count: 11, sec_articles:234, total_articles: 234
page_count: 12, sec_articles:255, total_articles: 255
page_count: 13, sec_articles:276, total_articles: 276
page_count: 14, sec_articles:297, total_articles: 297
page_count: 15, sec_articles:318, total_articles: 318
page_count: 16, sec_articles:339, total_articles: 339
page_count: 17, sec_articles:360, total_articles: 360
page_count: 18, sec_articles:381, total_articles: 381
page_count: 19, sec_articles:402, total_articles: 402
page_count: 20, sec_articles:423, total_articles: 423
page_count: 21, sec_articles:444, total_articles: 444
page_count: 22, sec_articles:465, total_articles: 465
page_count: 23, sec_articles:486, total_articles: 486
page_count: 24, sec_articles:507, total_articles: 507
page_count: 25, sec_articles:528, total_articles: 528
page_count: 26, sec_articles:549, total_articles: 549
page_count: 27, sec_articles:570, total_articles: 570
page_count: 28, sec_articles:591, total_articles: 591
page_count: 29, sec_articles:612, total_articles: 612
page_count: 30, sec_articles:633, total_articles: 633
page_count: 31, sec_articles:654, total_articles: 654
page_count: 32, sec_articles:675, total_articles: 675
page_count: 33, sec_articles:696, total_articles: 696
page_count: 34, sec_articles:717, total_articles: 717
page_count: 35, sec_articles:738, total_articles: 738
page_count: 36, sec_articles:759, total_articles: 759
page_count: 37, sec_articles:780, total_articles: 780
page_count: 38, sec_articles:801, total_articles: 801
page_count: 39, sec_articles:822, total_articles: 822
page_count: 40, sec_articles:843, total_articles: 843
page_count: 41, sec_articles:864, total_articles: 864
page_count: 42, sec_articles:885, total_articles: 885
page_count: 43, sec_articles:906, total_articles: 906
page_count: 44, sec_articles:927, total_articles: 927
page_count: 45, sec_articles:948, total_articles: 948
page_count: 46, sec_articles:969, total_articles: 969
page_count: 47, sec_articles:990, total_articles: 990
page_count: 48, sec_articles:1011, total_articles: 1011
page_count: 49, sec_articles:1032, total_articles: 1032
page_count: 50, sec_articles:1053, total_articles: 1053
page_count: 51, sec_articles:1074, total_articles: 1074
page_count: 52, sec_articles:1095, total_articles: 1095
page_count: 53, sec_articles:1116, total_articles: 1116
page_count: 54, sec_articles:1137, total_articles: 1137
page_count: 55, sec_articles:1158, total_articles: 1158
page_count: 56, sec_articles:1179, total_articles: 1179
page_count: 57, sec_articles:1200, total_articles: 1200
page_count: 58, sec_articles:1221, total_articles: 1221
page_count: 59, sec_articles:1242, total_articles: 1242
page_count: 60, sec_articles:1263, total_articles: 1263
page_count: 61, sec_articles:1284, total_articles: 1284
page_count: 62, sec_articles:1305, total_articles: 1305
page_count: 63, sec_articles:1326, total_articles: 1326
page_count: 64, sec_articles:1347, total_articles: 1347
page_count: 65, sec_articles:1368, total_articles: 1368
page_count: 66, sec_articles:1389, total_articles: 1389
page_count: 67, sec_articles:1410, total_articles: 1410
page_count: 68, sec_articles:1431, total_articles: 1431
page_count: 69, sec_articles:1452, total_articles: 1452
page_count: 70, sec_articles:1473, total_articles: 1473
page_count: 71, sec_articles:1494, total_articles: 1494
page_count: 72, sec_articles:1515, total_articles: 1515
page_count: 73, sec_articles:1536, total_articles: 1536
page_count: 74, sec_articles:1557, total_articles: 1557
page_count: 75, sec_articles:1578, total_articles: 1578
page_count: 76, sec_articles:1599, total_articles: 1599
page_count: 77, sec_articles:1620, total_articles: 1620
page_count: 78, sec_articles:1641, total_articles: 1641
page_count: 79, sec_articles:1662, total_articles: 1662
page_count: 80, sec_articles:1683, total_articles: 1683
page_count: 81, sec_articles:1704, total_articles: 1704
page_count: 82, sec_articles:1725, total_articles: 1725
page_count: 83, sec_articles:1746, total_articles: 1746
page_count: 84, sec_articles:1767, total_articles: 1767
page_count: 85, sec_articles:1788, total_articles: 1788
page_count: 86, sec_articles:1809, total_articles: 1809
page_count: 87, sec_articles:1830, total_articles: 1830
page_count: 88, sec_articles:1851, total_articles: 1851
page_count: 89, sec_articles:1872, total_articles: 1872
page_count: 90, sec_articles:1893, total_articles: 1893
page_count: 91, sec_articles:1914, total_articles: 1914
page_count: 92, sec_articles:1935, total_articles: 1935
page_count: 93, sec_articles:1956, total_articles: 1956
page_count: 94, sec_articles:1977, total_articles: 1977
page_count: 95, sec_articles:1998, total_articles: 1998
page_count: 96, sec_articles:2019, total_articles: 2019
page_count: 97, sec_articles:2040, total_articles: 2040
page_count: 98, sec_articles:2061, total_articles: 2061
page_count: 99, sec_articles:2082, total_articles: 2082
page_count: 100, sec_articles:2103, total_articles: 2103
page_count: 101, sec_articles:2124, total_articles: 2124
page_count: 102, sec_articles:2145, total_articles: 2145
page_count: 103, sec_articles:2166, total_articles: 2166
page_count: 104, sec_articles:2187, total_articles: 2187
page_count: 105, sec_articles:2208, total_articles: 2208
page_count: 106, sec_articles:2229, total_articles: 2229
page_count: 107, sec_articles:2250, total_articles: 2250
page_count: 108, sec_articles:2271, total_articles: 2271
page_count: 109, sec_articles:2292, total_articles: 2292
page_count: 110, sec_articles:2313, total_articles: 2313
page_count: 111, sec_articles:2334, total_articles: 2334
page_count: 112, sec_articles:2355, total_articles: 2355
page_count: 113, sec_articles:2376, total_articles: 2376
page_count: 114, sec_articles:2397, total_articles: 2397
page_count: 115, sec_articles:2418, total_articles: 2418
page_count: 116, sec_articles:2439, total_articles: 2439
page_count: 117, sec_articles:2460, total_articles: 2460
page_count: 118, sec_articles:2481, total_articles: 2481
page_count: 119, sec_articles:2502, total_articles: 2502
page_count: 120, sec_articles:2523, total_articles: 2523
page_count: 121, sec_articles:2544, total_articles: 2544
page_count: 122, sec_articles:2565, total_articles: 2565
page_count: 123, sec_articles:2586, total_articles: 2586
page_count: 124, sec_articles:2607, total_articles: 2607
page_count: 125, sec_articles:2628, total_articles: 2628
page_count: 126, sec_articles:2649, total_articles: 2649
page_count: 127, sec_articles:2670, total_articles: 2670
page_count: 128, sec_articles:2691, total_articles: 2691
page_count: 129, sec_articles:2712, total_articles: 2712
page_count: 130, sec_articles:2733, total_articles: 2733
page_count: 131, sec_articles:2754, total_articles: 2754
page_count: 132, sec_articles:2775, total_articles: 2775
page_count: 133, sec_articles:2796, total_articles: 2796
page_count: 134, sec_articles:2817, total_articles: 2817
page_count: 135, sec_articles:2838, total_articles: 2838
page_count: 136, sec_articles:2859, total_articles: 2859
page_count: 137, sec_articles:2880, total_articles: 2880
page_count: 138, sec_articles:2901, total_articles: 2901
page_count: 139, sec_articles:2922, total_articles: 2922
page_count: 140, sec_articles:2943, total_articles: 2943
page_count: 141, sec_articles:2964, total_articles: 2964
page_count: 142, sec_articles:2985, total_articles: 2985
page_count: 143, sec_articles:3006, total_articles: 3006
page_count: 144, sec_articles:3027, total_articles: 3027
page_count: 145, sec_articles:3048, total_articles: 3048
page_count: 146, sec_articles:3069, total_articles: 3069
page_count: 147, sec_articles:3090, total_articles: 3090
page_count: 148, sec_articles:3111, total_articles: 3111
page_count: 149, sec_articles:3132, total_articles: 3132
page_count: 150, sec_articles:3153, total_articles: 3153
page_count: 151, sec_articles:3174, total_articles: 3174
page_count: 152, sec_articles:3195, total_articles: 3195
page_count: 153, sec_articles:3216, total_articles: 3216
page_count: 154, sec_articles:3237, total_articles: 3237
page_count: 155, sec_articles:3258, total_articles: 3258
page_count: 156, sec_articles:3279, total_articles: 3279
page_count: 157, sec_articles:3300, total_articles: 3300
page_count: 158, sec_articles:3321, total_articles: 3321
page_count: 159, sec_articles:3342, total_articles: 3342
page_count: 160, sec_articles:3363, total_articles: 3363
page_count: 161, sec_articles:3384, total_articles: 3384
page_count: 162, sec_articles:3405, total_articles: 3405
page_count: 163, sec_articles:3426, total_articles: 3426
page_count: 164, sec_articles:3447, total_articles: 3447
page_count: 165, sec_articles:3468, total_articles: 3468
page_count: 166, sec_articles:3489, total_articles: 3489
page_count: 167, sec_articles:3510, total_articles: 3510
page_count: 168, sec_articles:3531, total_articles: 3531
page_count: 169, sec_articles:3552, total_articles: 3552
page_count: 170, sec_articles:3573, total_articles: 3573
page_count: 171, sec_articles:3594, total_articles: 3594
page_count: 172, sec_articles:3615, total_articles: 3615
page_count: 173, sec_articles:3636, total_articles: 3636
page_count: 174, sec_articles:3657, total_articles: 3657
page_count: 175, sec_articles:3678, total_articles: 3678
page_count: 176, sec_articles:3699, total_articles: 3699
page_count: 177, sec_articles:3720, total_articles: 3720
page_count: 178, sec_articles:3741, total_articles: 3741
page_count: 179, sec_articles:3762, total_articles: 3762
page_count: 180, sec_articles:3783, total_articles: 3783
page_count: 181, sec_articles:3804, total_articles: 3804
page_count: 182, sec_articles:3825, total_articles: 3825
page_count: 183, sec_articles:3846, total_articles: 3846
page_count: 184, sec_articles:3867, total_articles: 3867
page_count: 185, sec_articles:3888, total_articles: 3888
page_count: 186, sec_articles:3909, total_articles: 3909
page_count: 187, sec_articles:3930, total_articles: 3930
page_count: 188, sec_articles:3951, total_articles: 3951
page_count: 189, sec_articles:3972, total_articles: 3972
page_count: 190, sec_articles:3993, total_articles: 3993
page_count: 191, sec_articles:4014, total_articles: 4014
page_count: 192, sec_articles:4035, total_articles: 4035
page_count: 193, sec_articles:4056, total_articles: 4056
page_count: 194, sec_articles:4077, total_articles: 4077
page_count: 195, sec_articles:4098, total_articles: 4098
page_count: 196, sec_articles:4119, total_articles: 4119
page_count: 197, sec_articles:4140, total_articles: 4140
page_count: 198, sec_articles:4161, total_articles: 4161
page_count: 199, sec_articles:4182, total_articles: 4182
page_count: 200, sec_articles:4203, total_articles: 4203
page_count: 201, sec_articles:4224, total_articles: 4224
page_count: 202, sec_articles:4245, total_articles: 4245
page_count: 203, sec_articles:4266, total_articles: 4266
page_count: 204, sec_articles:4287, total_articles: 4287
page_count: 205, sec_articles:4308, total_articles: 4308
page_count: 206, sec_articles:4329, total_articles: 4329
page_count: 207, sec_articles:4350, total_articles: 4350
page_count: 208, sec_articles:4371, total_articles: 4371
page_count: 209, sec_articles:4392, total_articles: 4392
page_count: 210, sec_articles:4413, total_articles: 4413
page_count: 211, sec_articles:4434, total_articles: 4434
page_count: 212, sec_articles:4455, total_articles: 4455
page_count: 213, sec_articles:4476, total_articles: 4476
page_count: 214, sec_articles:4497, total_articles: 4497
page_count: 215, sec_articles:4518, total_articles: 4518
page_count: 216, sec_articles:4539, total_articles: 4539
page_count: 217, sec_articles:4560, total_articles: 4560
page_count: 218, sec_articles:4581, total_articles: 4581
page_count: 219, sec_articles:4602, total_articles: 4602
page_count: 220, sec_articles:4623, total_articles: 4623
page_count: 221, sec_articles:4644, total_articles: 4644
page_count: 222, sec_articles:4665, total_articles: 4665
page_count: 223, sec_articles:4686, total_articles: 4686
page_count: 224, sec_articles:4707, total_articles: 4707
page_count: 225, sec_articles:4728, total_articles: 4728
page_count: 226, sec_articles:4749, total_articles: 4749
page_count: 227, sec_articles:4770, total_articles: 4770
page_count: 228, sec_articles:4791, total_articles: 4791
page_count: 229, sec_articles:4812, total_articles: 4812
page_count: 230, sec_articles:4833, total_articles: 4833
page_count: 231, sec_articles:4854, total_articles: 4854
page_count: 232, sec_articles:4875, total_articles: 4875
page_count: 233, sec_articles:4896, total_articles: 4896
page_count: 234, sec_articles:4917, total_articles: 4917
page_count: 235, sec_articles:4938, total_articles: 4938
page_count: 236, sec_articles:4959, total_articles: 4959
page_count: 237, sec_articles:4980, total_articles: 4980
page_count: 238, sec_articles:5001, total_articles: 5001
page_count: 239, sec_articles:5022, total_articles: 5022
page_count: 240, sec_articles:5043, total_articles: 5043
page_count: 241, sec_articles:5064, total_articles: 5064
page_count: 242, sec_articles:5085, total_articles: 5085
page_count: 243, sec_articles:5106, total_articles: 5106
page_count: 244, sec_articles:5127, total_articles: 5127
page_count: 245, sec_articles:5148, total_articles: 5148
page_count: 246, sec_articles:5169, total_articles: 5169
page_count: 247, sec_articles:5190, total_articles: 5190
page_count: 248, sec_articles:5211, total_articles: 5211
page_count: 249, sec_articles:5232, total_articles: 5232
page_count: 250, sec_articles:5253, total_articles: 5253
page_count: 251, sec_articles:5274, total_articles: 5274
page_count: 252, sec_articles:5295, total_articles: 5295
page_count: 253, sec_articles:5316, total_articles: 5316
page_count: 254, sec_articles:5337, total_articles: 5337
page_count: 255, sec_articles:5358, total_articles: 5358
page_count: 256, sec_articles:5379, total_articles: 5379
page_count: 257, sec_articles:5400, total_articles: 5400
page_count: 258, sec_articles:5421, total_articles: 5421
page_count: 259, sec_articles:5442, total_articles: 5442
page_count: 260, sec_articles:5463, total_articles: 5463
page_count: 261, sec_articles:5484, total_articles: 5484
page_count: 262, sec_articles:5505, total_articles: 5505
page_count: 263, sec_articles:5526, total_articles: 5526
page_count: 264, sec_articles:5547, total_articles: 5547
page_count: 265, sec_articles:5568, total_articles: 5568
page_count: 266, sec_articles:5589, total_articles: 5589
page_count: 267, sec_articles:5610, total_articles: 5610
page_count: 268, sec_articles:5631, total_articles: 5631
page_count: 269, sec_articles:5652, total_articles: 5652
page_count: 270, sec_articles:5673, total_articles: 5673
page_count: 271, sec_articles:5694, total_articles: 5694
page_count: 272, sec_articles:5715, total_articles: 5715
page_count: 273, sec_articles:5736, total_articles: 5736
page_count: 274, sec_articles:5757, total_articles: 5757
page_count: 275, sec_articles:5778, total_articles: 5778
page_count: 276, sec_articles:5799, total_articles: 5799
page_count: 277, sec_articles:5820, total_articles: 5820
page_count: 278, sec_articles:5841, total_articles: 5841
page_count: 279, sec_articles:5862, total_articles: 5862
page_count: 280, sec_articles:5883, total_articles: 5883
page_count: 281, sec_articles:5904, total_articles: 5904
page_count: 282, sec_articles:5925, total_articles: 5925
page_count: 283, sec_articles:5946, total_articles: 5946
page_count: 284, sec_articles:5967, total_articles: 5967
page_count: 285, sec_articles:5988, total_articles: 5988
page_count: 286, sec_articles:6009, total_articles: 6009
page_count: 287, sec_articles:6030, total_articles: 6030
page_count: 288, sec_articles:6051, total_articles: 6051
page_count: 289, sec_articles:6072, total_articles: 6072
page_count: 290, sec_articles:6093, total_articles: 6093
page_count: 291, sec_articles:6114, total_articles: 6114
page_count: 292, sec_articles:6135, total_articles: 6135
page_count: 293, sec_articles:6156, total_articles: 6156
page_count: 294, sec_articles:6177, total_articles: 6177
page_count: 295, sec_articles:6198, total_articles: 6198
page_count: 296, sec_articles:6219, total_articles: 6219
page_count: 297, sec_articles:6240, total_articles: 6240
page_count: 298, sec_articles:6261, total_articles: 6261
page_count: 299, sec_articles:6282, total_articles: 6282
page_count: 300, sec_articles:6303, total_articles: 6303
page_count: 301, sec_articles:6324, total_articles: 6324
page_count: 302, sec_articles:6345, total_articles: 6345
page_count: 303, sec_articles:6366, total_articles: 6366
page_count: 304, sec_articles:6387, total_articles: 6387
page_count: 305, sec_articles:6408, total_articles: 6408
page_count: 306, sec_articles:6429, total_articles: 6429
page_count: 307, sec_articles:6450, total_articles: 6450
page_count: 308, sec_articles:6471, total_articles: 6471
page_count: 309, sec_articles:6492, total_articles: 6492
page_count: 310, sec_articles:6513, total_articles: 6513
page_count: 311, sec_articles:6534, total_articles: 6534
page_count: 312, sec_articles:6555, total_articles: 6555
page_count: 313, sec_articles:6576, total_articles: 6576
page_count: 314, sec_articles:6597, total_articles: 6597
page_count: 315, sec_articles:6618, total_articles: 6618
page_count: 316, sec_articles:6639, total_articles: 6639
page_count: 317, sec_articles:6660, total_articles: 6660
page_count: 318, sec_articles:6681, total_articles: 6681
page_count: 319, sec_articles:6702, total_articles: 6702
page_count: 320, sec_articles:6723, total_articles: 6723
page_count: 321, sec_articles:6744, total_articles: 6744
page_count: 322, sec_articles:6765, total_articles: 6765
page_count: 323, sec_articles:6786, total_articles: 6786
page_count: 324, sec_articles:6807, total_articles: 6807
page_count: 325, sec_articles:6828, total_articles: 6828
page_count: 326, sec_articles:6849, total_articles: 6849
page_count: 327, sec_articles:6870, total_articles: 6870
page_count: 328, sec_articles:6891, total_articles: 6891
page_count: 329, sec_articles:6912, total_articles: 6912
page_count: 330, sec_articles:6933, total_articles: 6933
page_count: 331, sec_articles:6954, total_articles: 6954
page_count: 332, sec_articles:6975, total_articles: 6975
page_count: 333, sec_articles:6996, total_articles: 6996
page_count: 334, sec_articles:7017, total_articles: 7017
page_count: 335, sec_articles:7038, total_articles: 7038
page_count: 336, sec_articles:7059, total_articles: 7059
page_count: 337, sec_articles:7080, total_articles: 7080
page_count: 338, sec_articles:7101, total_articles: 7101
page_count: 339, sec_articles:7122, total_articles: 7122
page_count: 340, sec_articles:7143, total_articles: 7143
page_count: 341, sec_articles:7164, total_articles: 7164
page_count: 342, sec_articles:7185, total_articles: 7185
page_count: 343, sec_articles:7206, total_articles: 7206
page_count: 344, sec_articles:7227, total_articles: 7227
page_count: 345, sec_articles:7248, total_articles: 7248
page_count: 346, sec_articles:7269, total_articles: 7269
page_count: 347, sec_articles:7290, total_articles: 7290
page_count: 348, sec_articles:7311, total_articles: 7311
page_count: 349, sec_articles:7332, total_articles: 7332
page_count: 350, sec_articles:7353, total_articles: 7353
page_count: 351, sec_articles:7374, total_articles: 7374
page_count: 352, sec_articles:7395, total_articles: 7395
page_count: 353, sec_articles:7416, total_articles: 7416
page_count: 354, sec_articles:7437, total_articles: 7437
page_count: 355, sec_articles:7458, total_articles: 7458
page_count: 356, sec_articles:7479, total_articles: 7479
page_count: 357, sec_articles:7500, total_articles: 7500
page_count: 358, sec_articles:7521, total_articles: 7521
page_count: 359, sec_articles:7542, total_articles: 7542
page_count: 360, sec_articles:7563, total_articles: 7563
page_count: 361, sec_articles:7584, total_articles: 7584
page_count: 362, sec_articles:7605, total_articles: 7605
page_count: 363, sec_articles:7626, total_articles: 7626
page_count: 364, sec_articles:7647, total_articles: 7647
page_count: 365, sec_articles:7668, total_articles: 7668
page_count: 366, sec_articles:7689, total_articles: 7689
page_count: 367, sec_articles:7710, total_articles: 7710
page_count: 368, sec_articles:7731, total_articles: 7731
page_count: 369, sec_articles:7752, total_articles: 7752
page_count: 370, sec_articles:7773, total_articles: 7773
page_count: 371, sec_articles:7794, total_articles: 7794
page_count: 372, sec_articles:7815, total_articles: 7815
page_count: 373, sec_articles:7836, total_articles: 7836
page_count: 374, sec_articles:7857, total_articles: 7857
page_count: 375, sec_articles:7878, total_articles: 7878
page_count: 376, sec_articles:7899, total_articles: 7899
page_count: 377, sec_articles:7920, total_articles: 7920
page_count: 378, sec_articles:7941, total_articles: 7941
page_count: 379, sec_articles:7962, total_articles: 7962
page_count: 380, sec_articles:7983, total_articles: 7983
page_count: 381, sec_articles:8004, total_articles: 8004
page_count: 382, sec_articles:8025, total_articles: 8025
page_count: 383, sec_articles:8046, total_articles: 8046
page_count: 384, sec_articles:8067, total_articles: 8067
page_count: 385, sec_articles:8088, total_articles: 8088
page_count: 386, sec_articles:8109, total_articles: 8109
page_count: 387, sec_articles:8130, total_articles: 8130
page_count: 388, sec_articles:8151, total_articles: 8151
page_count: 389, sec_articles:8172, total_articles: 8172
page_count: 390, sec_articles:8193, total_articles: 8193
page_count: 391, sec_articles:8214, total_articles: 8214
page_count: 392, sec_articles:8235, total_articles: 8235
page_count: 393, sec_articles:8256, total_articles: 8256
page_count: 394, sec_articles:8277, total_articles: 8277
page_count: 395, sec_articles:8298, total_articles: 8298
page_count: 396, sec_articles:8319, total_articles: 8319
page_count: 397, sec_articles:8340, total_articles: 8340
page_count: 398, sec_articles:8361, total_articles: 8361
page_count: 399, sec_articles:8382, total_articles: 8382
page_count: 400, sec_articles:8403, total_articles: 8403
page_count: 401, sec_articles:8424, total_articles: 8424
page_count: 402, sec_articles:8445, total_articles: 8445
page_count: 403, sec_articles:8466, total_articles: 8466
page_count: 404, sec_articles:8487, total_articles: 8487
page_count: 405, sec_articles:8508, total_articles: 8508
page_count: 406, sec_articles:8529, total_articles: 8529
page_count: 407, sec_articles:8550, total_articles: 8550
page_count: 408, sec_articles:8571, total_articles: 8571
page_count: 409, sec_articles:8592, total_articles: 8592
page_count: 410, sec_articles:8613, total_articles: 8613
page_count: 411, sec_articles:8634, total_articles: 8634
page_count: 412, sec_articles:8655, total_articles: 8655
page_count: 413, sec_articles:8676, total_articles: 8676
page_count: 414, sec_articles:8697, total_articles: 8697
page_count: 415, sec_articles:8718, total_articles: 8718
page_count: 416, sec_articles:8739, total_articles: 8739
page_count: 417, sec_articles:8760, total_articles: 8760
page_count: 418, sec_articles:8781, total_articles: 8781
page_count: 419, sec_articles:8802, total_articles: 8802
page_count: 420, sec_articles:8823, total_articles: 8823
page_count: 421, sec_articles:8844, total_articles: 8844
page_count: 422, sec_articles:8865, total_articles: 8865
page_count: 423, sec_articles:8886, total_articles: 8886
page_count: 424, sec_articles:8907, total_articles: 8907
page_count: 425, sec_articles:8928, total_articles: 8928
page_count: 426, sec_articles:8949, total_articles: 8949
page_count: 427, sec_articles:8970, total_articles: 8970
page_count: 428, sec_articles:8991, total_articles: 8991
page_count: 429, sec_articles:9012, total_articles: 9012
page_count: 430, sec_articles:9033, total_articles: 9033
page_count: 431, sec_articles:9054, total_articles: 9054
page_count: 432, sec_articles:9075, total_articles: 9075
page_count: 433, sec_articles:9096, total_articles: 9096
page_count: 434, sec_articles:9117, total_articles: 9117
page_count: 435, sec_articles:9138, total_articles: 9138
page_count: 436, sec_articles:9159, total_articles: 9159
page_count: 437, sec_articles:9180, total_articles: 9180
page_count: 438, sec_articles:9201, total_articles: 9201
page_count: 439, sec_articles:9222, total_articles: 9222
page_count: 440, sec_articles:9243, total_articles: 9243
page_count: 441, sec_articles:9264, total_articles: 9264
page_count: 442, sec_articles:9285, total_articles: 9285
page_count: 443, sec_articles:9306, total_articles: 9306
page_count: 444, sec_articles:9327, total_articles: 9327
page_count: 445, sec_articles:9348, total_articles: 9348
page_count: 446, sec_articles:9369, total_articles: 9369
page_count: 447, sec_articles:9390, total_articles: 9390
page_count: 448, sec_articles:9411, total_articles: 9411
page_count: 449, sec_articles:9432, total_articles: 9432
page_count: 450, sec_articles:9453, total_articles: 9453
page_count: 451, sec_articles:9474, total_articles: 9474
page_count: 452, sec_articles:9495, total_articles: 9495
page_count: 453, sec_articles:9516, total_articles: 9516
page_count: 454, sec_articles:9537, total_articles: 9537
page_count: 455, sec_articles:9558, total_articles: 9558
page_count: 456, sec_articles:9579, total_articles: 9579
page_count: 457, sec_articles:9600, total_articles: 9600
page_count: 458, sec_articles:9621, total_articles: 9621
page_count: 459, sec_articles:9642, total_articles: 9642
page_count: 460, sec_articles:9663, total_articles: 9663
page_count: 461, sec_articles:9684, total_articles: 9684
page_count: 462, sec_articles:9705, total_articles: 9705
page_count: 463, sec_articles:9726, total_articles: 9726
page_count: 464, sec_articles:9747, total_articles: 9747
page_count: 465, sec_articles:9768, total_articles: 9768
page_count: 466, sec_articles:9789, total_articles: 9789
page_count: 467, sec_articles:9810, total_articles: 9810
page_count: 468, sec_articles:9831, total_articles: 9831
page_count: 469, sec_articles:9852, total_articles: 9852
page_count: 470, sec_articles:9873, total_articles: 9873
page_count: 471, sec_articles:9894, total_articles: 9894
page_count: 472, sec_articles:9915, total_articles: 9915
page_count: 473, sec_articles:9936, total_articles: 9936
page_count: 474, sec_articles:9957, total_articles: 9957
page_count: 475, sec_articles:9978, total_articles: 9978
page_count: 476, sec_articles:9999, total_articles: 9999
page_count: 477, sec_articles:10020, total_articles: 10020
page_count: 478, sec_articles:10041, total_articles: 10041
page_count: 479, sec_articles:10062, total_articles: 10062
page_count: 480, sec_articles:10083, total_articles: 10083
page_count: 481, sec_articles:10104, total_articles: 10104
page_count: 482, sec_articles:10125, total_articles: 10125
page_count: 483, sec_articles:10146, total_articles: 10146
page_count: 484, sec_articles:10167, total_articles: 10167
page_count: 485, sec_articles:10188, total_articles: 10188
page_count: 486, sec_articles:10209, total_articles: 10209
page_count: 487, sec_articles:10230, total_articles: 10230
page_count: 488, sec_articles:10251, total_articles: 10251
page_count: 489, sec_articles:10272, total_articles: 10272
page_count: 490, sec_articles:10293, total_articles: 10293
page_count: 491, sec_articles:10314, total_articles: 10314
page_count: 492, sec_articles:10335, total_articles: 10335
page_count: 493, sec_articles:10356, total_articles: 10356
page_count: 494, sec_articles:10377, total_articles: 10377
page_count: 495, sec_articles:10398, total_articles: 10398
page_count: 496, sec_articles:10419, total_articles: 10419
page_count: 497, sec_articles:10440, total_articles: 10440
page_count: 498, sec_articles:10461, total_articles: 10461
page_count: 499, sec_articles:10482, total_articles: 10482
page_count: 500, sec_articles:10503, total_articles: 10503
page_count: 501, sec_articles:10524, total_articles: 10524
page_count: 502, sec_articles:10545, total_articles: 10545
page_count: 503, sec_articles:10566, total_articles: 10566
page_count: 504, sec_articles:10587, total_articles: 10587
page_count: 505, sec_articles:10608, total_articles: 10608
page_count: 506, sec_articles:10629, total_articles: 10629
page_count: 507, sec_articles:10650, total_articles: 10650
page_count: 508, sec_articles:10671, total_articles: 10671
page_count: 509, sec_articles:10692, total_articles: 10692
page_count: 510, sec_articles:10713, total_articles: 10713
page_count: 511, sec_articles:10734, total_articles: 10734
page_count: 512, sec_articles:10755, total_articles: 10755
page_count: 513, sec_articles:10776, total_articles: 10776
page_count: 514, sec_articles:10797, total_articles: 10797
page_count: 515, sec_articles:10818, total_articles: 10818
page_count: 516, sec_articles:10839, total_articles: 10839
page_count: 517, sec_articles:10860, total_articles: 10860
page_count: 518, sec_articles:10881, total_articles: 10881
page_count: 519, sec_articles:10902, total_articles: 10902
page_count: 520, sec_articles:10923, total_articles: 10923
page_count: 521, sec_articles:10944, total_articles: 10944
page_count: 522, sec_articles:10965, total_articles: 10965
page_count: 523, sec_articles:10986, total_articles: 10986
page_count: 524, sec_articles:11007, total_articles: 11007
page_count: 525, sec_articles:11028, total_articles: 11028
page_count: 526, sec_articles:11049, total_articles: 11049
page_count: 527, sec_articles:11070, total_articles: 11070
page_count: 528, sec_articles:11091, total_articles: 11091
page_count: 529, sec_articles:11112, total_articles: 11112
page_count: 530, sec_articles:11133, total_articles: 11133
page_count: 531, sec_articles:11154, total_articles: 11154
page_count: 532, sec_articles:11175, total_articles: 11175
page_count: 533, sec_articles:11196, total_articles: 11196
page_count: 534, sec_articles:11217, total_articles: 11217
page_count: 535, sec_articles:11238, total_articles: 11238
page_count: 536, sec_articles:11259, total_articles: 11259
page_count: 537, sec_articles:11280, total_articles: 11280
page_count: 538, sec_articles:11301, total_articles: 11301
page_count: 539, sec_articles:11322, total_articles: 11322
page_count: 540, sec_articles:11343, total_articles: 11343
page_count: 541, sec_articles:11364, total_articles: 11364
page_count: 542, sec_articles:11385, total_articles: 11385
page_count: 543, sec_articles:11406, total_articles: 11406
page_count: 544, sec_articles:11427, total_articles: 11427
page_count: 545, sec_articles:11448, total_articles: 11448
page_count: 546, sec_articles:11469, total_articles: 11469
page_count: 547, sec_articles:11490, total_articles: 11490
page_count: 548, sec_articles:11511, total_articles: 11511
page_count: 549, sec_articles:11532, total_articles: 11532
page_count: 550, sec_articles:11553, total_articles: 11553
page_count: 551, sec_articles:11574, total_articles: 11574
page_count: 552, sec_articles:11595, total_articles: 11595
page_count: 553, sec_articles:11616, total_articles: 11616
page_count: 554, sec_articles:11637, total_articles: 11637
page_count: 555, sec_articles:11658, total_articles: 11658
page_count: 556, sec_articles:11679, total_articles: 11679
page_count: 557, sec_articles:11700, total_articles: 11700
page_count: 558, sec_articles:11721, total_articles: 11721
page_count: 559, sec_articles:11742, total_articles: 11742
page_count: 560, sec_articles:11763, total_articles: 11763
page_count: 561, sec_articles:11784, total_articles: 11784
page_count: 562, sec_articles:11805, total_articles: 11805
page_count: 563, sec_articles:11826, total_articles: 11826
page_count: 564, sec_articles:11847, total_articles: 11847
page_count: 565, sec_articles:11868, total_articles: 11868
page_count: 566, sec_articles:11889, total_articles: 11889
page_count: 567, sec_articles:11910, total_articles: 11910
page_count: 568, sec_articles:11931, total_articles: 11931
page_count: 569, sec_articles:11952, total_articles: 11952
page_count: 570, sec_articles:11973, total_articles: 11973
page_count: 571, sec_articles:11994, total_articles: 11994
page_count: 572, sec_articles:12015, total_articles: 12015
page_count: 573, sec_articles:12036, total_articles: 12036
page_count: 574, sec_articles:12057, total_articles: 12057
page_count: 575, sec_articles:12078, total_articles: 12078
page_count: 576, sec_articles:12099, total_articles: 12099
page_count: 577, sec_articles:12120, total_articles: 12120
page_count: 578, sec_articles:12141, total_articles: 12141
page_count: 579, sec_articles:12162, total_articles: 12162
page_count: 580, sec_articles:12183, total_articles: 12183
page_count: 581, sec_articles:12204, total_articles: 12204
page_count: 582, sec_articles:12225, total_articles: 12225
page_count: 583, sec_articles:12246, total_articles: 12246
page_count: 584, sec_articles:12267, total_articles: 12267
page_count: 585, sec_articles:12288, total_articles: 12288
page_count: 586, sec_articles:12309, total_articles: 12309
page_count: 587, sec_articles:12330, total_articles: 12330
page_count: 588, sec_articles:12351, total_articles: 12351
page_count: 589, sec_articles:12372, total_articles: 12372
page_count: 590, sec_articles:12393, total_articles: 12393
page_count: 591, sec_articles:12414, total_articles: 12414
page_count: 592, sec_articles:12435, total_articles: 12435
page_count: 593, sec_articles:12456, total_articles: 12456
page_count: 594, sec_articles:12477, total_articles: 12477
page_count: 595, sec_articles:12498, total_articles: 12498
page_count: 596, sec_articles:12519, total_articles: 12519
page_count: 597, sec_articles:12540, total_articles: 12540
page_count: 598, sec_articles:12561, total_articles: 12561
page_count: 599, sec_articles:12582, total_articles: 12582
page_count: 600, sec_articles:12603, total_articles: 12603
page_count: 601, sec_articles:12624, total_articles: 12624
page_count: 602, sec_articles:12646, total_articles: 12646
page_count: 603, sec_articles:12667, total_articles: 12667
page_count: 604, sec_articles:12688, total_articles: 12688
page_count: 605, sec_articles:12709, total_articles: 12709
page_count: 606, sec_articles:12730, total_articles: 12730
page_count: 607, sec_articles:12751, total_articles: 12751
page_count: 608, sec_articles:12772, total_articles: 12772
page_count: 609, sec_articles:12793, total_articles: 12793
page_count: 610, sec_articles:12814, total_articles: 12814
page_count: 611, sec_articles:12835, total_articles: 12835
page_count: 612, sec_articles:12856, total_articles: 12856
page_count: 613, sec_articles:12877, total_articles: 12877
page_count: 614, sec_articles:12898, total_articles: 12898
page_count: 615, sec_articles:12919, total_articles: 12919
page_count: 616, sec_articles:12940, total_articles: 12940
page_count: 617, sec_articles:12961, total_articles: 12961
page_count: 618, sec_articles:12982, total_articles: 12982
page_count: 619, sec_articles:13003, total_articles: 13003
page_count: 620, sec_articles:13024, total_articles: 13024
page_count: 621, sec_articles:13045, total_articles: 13045
page_count: 622, sec_articles:13066, total_articles: 13066
page_count: 623, sec_articles:13087, total_articles: 13087
page_count: 624, sec_articles:13108, total_articles: 13108
page_count: 625, sec_articles:13129, total_articles: 13129
page_count: 626, sec_articles:13150, total_articles: 13150
page_count: 627, sec_articles:13171, total_articles: 13171
page_count: 628, sec_articles:13192, total_articles: 13192
page_count: 629, sec_articles:13213, total_articles: 13213
page_count: 630, sec_articles:13234, total_articles: 13234
page_count: 631, sec_articles:13255, total_articles: 13255
page_count: 632, sec_articles:13276, total_articles: 13276
page_count: 633, sec_articles:13297, total_articles: 13297
page_count: 634, sec_articles:13318, total_articles: 13318
page_count: 635, sec_articles:13339, total_articles: 13339
page_count: 636, sec_articles:13360, total_articles: 13360
page_count: 637, sec_articles:13381, total_articles: 13381
page_count: 638, sec_articles:13402, total_articles: 13402
page_count: 639, sec_articles:13423, total_articles: 13423
page_count: 640, sec_articles:13444, total_articles: 13444
page_count: 641, sec_articles:13465, total_articles: 13465
page_count: 642, sec_articles:13486, total_articles: 13486
page_count: 643, sec_articles:13507, total_articles: 13507
page_count: 644, sec_articles:13528, total_articles: 13528
page_count: 645, sec_articles:13549, total_articles: 13549
page_count: 646, sec_articles:13570, total_articles: 13570
page_count: 647, sec_articles:13591, total_articles: 13591
page_count: 648, sec_articles:13612, total_articles: 13612
page_count: 649, sec_articles:13633, total_articles: 13633
page_count: 650, sec_articles:13654, total_articles: 13654
page_count: 651, sec_articles:13675, total_articles: 13675
page_count: 652, sec_articles:13696, total_articles: 13696
page_count: 653, sec_articles:13717, total_articles: 13717
page_count: 654, sec_articles:13738, total_articles: 13738
page_count: 655, sec_articles:13759, total_articles: 13759
page_count: 656, sec_articles:13780, total_articles: 13780
page_count: 657, sec_articles:13801, total_articles: 13801
page_count: 658, sec_articles:13822, total_articles: 13822
page_count: 659, sec_articles:13843, total_articles: 13843
page_count: 660, sec_articles:13864, total_articles: 13864
page_count: 661, sec_articles:13885, total_articles: 13885
page_count: 662, sec_articles:13906, total_articles: 13906
page_count: 663, sec_articles:13927, total_articles: 13927
page_count: 664, sec_articles:13948, total_articles: 13948
page_count: 665, sec_articles:13969, total_articles: 13969
page_count: 666, sec_articles:13990, total_articles: 13990
page_count: 667, sec_articles:14011, total_articles: 14011
page_count: 668, sec_articles:14032, total_articles: 14032
page_count: 669, sec_articles:14053, total_articles: 14053
page_count: 670, sec_articles:14074, total_articles: 14074
page_count: 671, sec_articles:14095, total_articles: 14095
page_count: 672, sec_articles:14116, total_articles: 14116
page_count: 673, sec_articles:14137, total_articles: 14137
page_count: 674, sec_articles:14158, total_articles: 14158
page_count: 675, sec_articles:14179, total_articles: 14179
page_count: 676, sec_articles:14200, total_articles: 14200
page_count: 677, sec_articles:14221, total_articles: 14221
page_count: 678, sec_articles:14242, total_articles: 14242
page_count: 679, sec_articles:14263, total_articles: 14263
page_count: 680, sec_articles:14284, total_articles: 14284
page_count: 681, sec_articles:14305, total_articles: 14305
page_count: 682, sec_articles:14326, total_articles: 14326
page_count: 683, sec_articles:14347, total_articles: 14347
page_count: 684, sec_articles:14368, total_articles: 14368
page_count: 685, sec_articles:14389, total_articles: 14389
page_count: 686, sec_articles:14410, total_articles: 14410
page_count: 687, sec_articles:14431, total_articles: 14431
page_count: 688, sec_articles:14452, total_articles: 14452
page_count: 689, sec_articles:14473, total_articles: 14473
page_count: 690, sec_articles:14494, total_articles: 14494
page_count: 691, sec_articles:14515, total_articles: 14515
page_count: 692, sec_articles:14536, total_articles: 14536
page_count: 693, sec_articles:14557, total_articles: 14557
page_count: 694, sec_articles:14578, total_articles: 14578
page_count: 695, sec_articles:14599, total_articles: 14599
page_count: 696, sec_articles:14620, total_articles: 14620
page_count: 697, sec_articles:14641, total_articles: 14641
page_count: 698, sec_articles:14662, total_articles: 14662
page_count: 699, sec_articles:14683, total_articles: 14683
page_count: 700, sec_articles:14704, total_articles: 14704
page_count: 701, sec_articles:14725, total_articles: 14725
page_count: 702, sec_articles:14746, total_articles: 14746
page_count: 703, sec_articles:14767, total_articles: 14767
page_count: 704, sec_articles:14788, total_articles: 14788
page_count: 705, sec_articles:14809, total_articles: 14809
page_count: 706, sec_articles:14830, total_articles: 14830
page_count: 707, sec_articles:14851, total_articles: 14851
page_count: 708, sec_articles:14872, total_articles: 14872
page_count: 709, sec_articles:14893, total_articles: 14893
page_count: 710, sec_articles:14914, total_articles: 14914
page_count: 711, sec_articles:14935, total_articles: 14935
page_count: 712, sec_articles:14956, total_articles: 14956
page_count: 713, sec_articles:14977, total_articles: 14977
page_count: 714, sec_articles:14998, total_articles: 14998
page_count: 715, sec_articles:15019, total_articles: 15019
page_count: 716, sec_articles:15040, total_articles: 15040
page_count: 717, sec_articles:15061, total_articles: 15061
page_count: 718, sec_articles:15082, total_articles: 15082
page_count: 719, sec_articles:15103, total_articles: 15103
page_count: 720, sec_articles:15124, total_articles: 15124
page_count: 721, sec_articles:15145, total_articles: 15145
page_count: 722, sec_articles:15166, total_articles: 15166
page_count: 723, sec_articles:15187, total_articles: 15187
page_count: 724, sec_articles:15208, total_articles: 15208
page_count: 725, sec_articles:15229, total_articles: 15229
page_count: 726, sec_articles:15250, total_articles: 15250
page_count: 727, sec_articles:15271, total_articles: 15271
page_count: 728, sec_articles:15292, total_articles: 15292
page_count: 729, sec_articles:15313, total_articles: 15313
page_count: 730, sec_articles:15334, total_articles: 15334
page_count: 731, sec_articles:15355, total_articles: 15355
page_count: 732, sec_articles:15376, total_articles: 15376
page_count: 733, sec_articles:15397, total_articles: 15397
page_count: 734, sec_articles:15418, total_articles: 15418
page_count: 735, sec_articles:15439, total_articles: 15439
page_count: 736, sec_articles:15460, total_articles: 15460
page_count: 737, sec_articles:15481, total_articles: 15481
page_count: 738, sec_articles:15502, total_articles: 15502
page_count: 739, sec_articles:15523, total_articles: 15523
page_count: 740, sec_articles:15544, total_articles: 15544
page_count: 741, sec_articles:15565, total_articles: 15565
page_count: 742, sec_articles:15586, total_articles: 15586
page_count: 743, sec_articles:15607, total_articles: 15607
page_count: 744, sec_articles:15628, total_articles: 15628
page_count: 745, sec_articles:15649, total_articles: 15649
page_count: 746, sec_articles:15670, total_articles: 15670
page_count: 747, sec_articles:15691, total_articles: 15691
page_count: 748, sec_articles:15712, total_articles: 15712
page_count: 749, sec_articles:15733, total_articles: 15733
page_count: 750, sec_articles:15754, total_articles: 15754
page_count: 751, sec_articles:15775, total_articles: 15775
page_count: 752, sec_articles:15796, total_articles: 15796
page_count: 753, sec_articles:15817, total_articles: 15817
page_count: 754, sec_articles:15838, total_articles: 15838
page_count: 755, sec_articles:15859, total_articles: 15859
page_count: 756, sec_articles:15880, total_articles: 15880
page_count: 757, sec_articles:15901, total_articles: 15901
page_count: 758, sec_articles:15922, total_articles: 15922
page_count: 759, sec_articles:15943, total_articles: 15943
page_count: 760, sec_articles:15964, total_articles: 15964
page_count: 761, sec_articles:15985, total_articles: 15985
page_count: 762, sec_articles:16006, total_articles: 16006
page_count: 763, sec_articles:16027, total_articles: 16027
page_count: 764, sec_articles:16048, total_articles: 16048
page_count: 765, sec_articles:16069, total_articles: 16069
page_count: 766, sec_articles:16090, total_articles: 16090
page_count: 767, sec_articles:16111, total_articles: 16111
page_count: 768, sec_articles:16132, total_articles: 16132
page_count: 769, sec_articles:16153, total_articles: 16153
page_count: 770, sec_articles:16174, total_articles: 16174
page_count: 771, sec_articles:16195, total_articles: 16195
page_count: 772, sec_articles:16216, total_articles: 16216
page_count: 773, sec_articles:16237, total_articles: 16237
page_count: 774, sec_articles:16258, total_articles: 16258
page_count: 775, sec_articles:16279, total_articles: 16279
page_count: 776, sec_articles:16300, total_articles: 16300
page_count: 777, sec_articles:16321, total_articles: 16321
page_count: 778, sec_articles:16342, total_articles: 16342
page_count: 779, sec_articles:16363, total_articles: 16363
page_count: 780, sec_articles:16384, total_articles: 16384
page_count: 781, sec_articles:16405, total_articles: 16405
page_count: 782, sec_articles:16426, total_articles: 16426
page_count: 783, sec_articles:16447, total_articles: 16447
page_count: 784, sec_articles:16468, total_articles: 16468
page_count: 785, sec_articles:16489, total_articles: 16489
page_count: 786, sec_articles:16510, total_articles: 16510
page_count: 787, sec_articles:16531, total_articles: 16531
page_count: 788, sec_articles:16552, total_articles: 16552
page_count: 789, sec_articles:16573, total_articles: 16573
page_count: 790, sec_articles:16594, total_articles: 16594
page_count: 791, sec_articles:16615, total_articles: 16615
page_count: 792, sec_articles:16636, total_articles: 16636
page_count: 793, sec_articles:16657, total_articles: 16657
page_count: 794, sec_articles:16678, total_articles: 16678
page_count: 795, sec_articles:16699, total_articles: 16699
page_count: 796, sec_articles:16720, total_articles: 16720
page_count: 797, sec_articles:16741, total_articles: 16741
page_count: 798, sec_articles:16762, total_articles: 16762
page_count: 799, sec_articles:16783, total_articles: 16783
page_count: 800, sec_articles:16804, total_articles: 16804
page_count: 801, sec_articles:16825, total_articles: 16825
page_count: 802, sec_articles:16846, total_articles: 16846
page_count: 803, sec_articles:16867, total_articles: 16867
page_count: 804, sec_articles:16888, total_articles: 16888
page_count: 805, sec_articles:16909, total_articles: 16909
page_count: 806, sec_articles:16930, total_articles: 16930
page_count: 807, sec_articles:16951, total_articles: 16951
page_count: 808, sec_articles:16972, total_articles: 16972
page_count: 809, sec_articles:16993, total_articles: 16993
page_count: 810, sec_articles:17014, total_articles: 17014
page_count: 811, sec_articles:17035, total_articles: 17035
page_count: 812, sec_articles:17056, total_articles: 17056
page_count: 813, sec_articles:17077, total_articles: 17077
page_count: 814, sec_articles:17098, total_articles: 17098
page_count: 815, sec_articles:17119, total_articles: 17119
page_count: 816, sec_articles:17140, total_articles: 17140
page_count: 817, sec_articles:17161, total_articles: 17161
page_count: 818, sec_articles:17182, total_articles: 17182
page_count: 819, sec_articles:17203, total_articles: 17203
page_count: 820, sec_articles:17224, total_articles: 17224
page_count: 821, sec_articles:17245, total_articles: 17245
page_count: 822, sec_articles:17266, total_articles: 17266
page_count: 823, sec_articles:17287, total_articles: 17287
page_count: 824, sec_articles:17308, total_articles: 17308
page_count: 825, sec_articles:17329, total_articles: 17329
page_count: 826, sec_articles:17350, total_articles: 17350
page_count: 827, sec_articles:17371, total_articles: 17371
page_count: 828, sec_articles:17392, total_articles: 17392
page_count: 829, sec_articles:17413, total_articles: 17413
page_count: 830, sec_articles:17434, total_articles: 17434
page_count: 831, sec_articles:17455, total_articles: 17455
page_count: 832, sec_articles:17476, total_articles: 17476
page_count: 833, sec_articles:17497, total_articles: 17497
page_count: 834, sec_articles:17518, total_articles: 17518
page_count: 835, sec_articles:17539, total_articles: 17539
page_count: 836, sec_articles:17560, total_articles: 17560
page_count: 837, sec_articles:17581, total_articles: 17581
page_count: 838, sec_articles:17602, total_articles: 17602
page_count: 839, sec_articles:17623, total_articles: 17623
page_count: 840, sec_articles:17644, total_articles: 17644
page_count: 841, sec_articles:17665, total_articles: 17665
page_count: 842, sec_articles:17686, total_articles: 17686
page_count: 843, sec_articles:17707, total_articles: 17707
page_count: 844, sec_articles:17728, total_articles: 17728
page_count: 845, sec_articles:17749, total_articles: 17749
page_count: 846, sec_articles:17770, total_articles: 17770
page_count: 847, sec_articles:17791, total_articles: 17791
page_count: 848, sec_articles:17812, total_articles: 17812
page_count: 849, sec_articles:17833, total_articles: 17833
page_count: 850, sec_articles:17854, total_articles: 17854
page_count: 851, sec_articles:17875, total_articles: 17875
page_count: 852, sec_articles:17896, total_articles: 17896
page_count: 853, sec_articles:17917, total_articles: 17917
page_count: 854, sec_articles:17938, total_articles: 17938
page_count: 855, sec_articles:17959, total_articles: 17959
page_count: 856, sec_articles:17980, total_articles: 17980
page_count: 857, sec_articles:18001, total_articles: 18001
page_count: 858, sec_articles:18022, total_articles: 18022
page_count: 859, sec_articles:18043, total_articles: 18043
page_count: 860, sec_articles:18064, total_articles: 18064
page_count: 861, sec_articles:18085, total_articles: 18085
page_count: 862, sec_articles:18106, total_articles: 18106
page_count: 863, sec_articles:18127, total_articles: 18127
page_count: 864, sec_articles:18148, total_articles: 18148
page_count: 865, sec_articles:18169, total_articles: 18169
page_count: 866, sec_articles:18190, total_articles: 18190
page_count: 867, sec_articles:18211, total_articles: 18211
page_count: 868, sec_articles:18232, total_articles: 18232
page_count: 869, sec_articles:18253, total_articles: 18253
page_count: 870, sec_articles:18274, total_articles: 18274
page_count: 871, sec_articles:18295, total_articles: 18295
page_count: 872, sec_articles:18316, total_articles: 18316
page_count: 873, sec_articles:18337, total_articles: 18337
page_count: 874, sec_articles:18358, total_articles: 18358
page_count: 875, sec_articles:18379, total_articles: 18379
page_count: 876, sec_articles:18400, total_articles: 18400
page_count: 877, sec_articles:18421, total_articles: 18421
page_count: 878, sec_articles:18442, total_articles: 18442
page_count: 879, sec_articles:18463, total_articles: 18463
page_count: 880, sec_articles:18484, total_articles: 18484
page_count: 881, sec_articles:18505, total_articles: 18505
page_count: 882, sec_articles:18526, total_articles: 18526
page_count: 883, sec_articles:18547, total_articles: 18547
page_count: 884, sec_articles:18568, total_articles: 18568
page_count: 885, sec_articles:18589, total_articles: 18589
page_count: 886, sec_articles:18610, total_articles: 18610
page_count: 887, sec_articles:18631, total_articles: 18631
page_count: 888, sec_articles:18652, total_articles: 18652
page_count: 889, sec_articles:18673, total_articles: 18673
page_count: 890, sec_articles:18694, total_articles: 18694
page_count: 891, sec_articles:18715, total_articles: 18715
page_count: 892, sec_articles:18736, total_articles: 18736
page_count: 893, sec_articles:18757, total_articles: 18757
page_count: 894, sec_articles:18778, total_articles: 18778
page_count: 895, sec_articles:18799, total_articles: 18799
page_count: 896, sec_articles:18820, total_articles: 18820
page_count: 897, sec_articles:18841, total_articles: 18841
page_count: 898, sec_articles:18862, total_articles: 18862
page_count: 899, sec_articles:18883, total_articles: 18883
page_count: 900, sec_articles:18904, total_articles: 18904
page_count: 901, sec_articles:18925, total_articles: 18925
page_count: 902, sec_articles:18946, total_articles: 18946
page_count: 903, sec_articles:18967, total_articles: 18967
page_count: 904, sec_articles:18988, total_articles: 18988
page_count: 905, sec_articles:19009, total_articles: 19009
page_count: 906, sec_articles:19030, total_articles: 19030
page_count: 907, sec_articles:19051, total_articles: 19051
page_count: 908, sec_articles:19072, total_articles: 19072
page_count: 909, sec_articles:19093, total_articles: 19093
page_count: 910, sec_articles:19114, total_articles: 19114
page_count: 911, sec_articles:19135, total_articles: 19135
page_count: 912, sec_articles:19156, total_articles: 19156
page_count: 913, sec_articles:19177, total_articles: 19177
page_count: 914, sec_articles:19198, total_articles: 19198
page_count: 915, sec_articles:19219, total_articles: 19219
page_count: 916, sec_articles:19240, total_articles: 19240
page_count: 917, sec_articles:19261, total_articles: 19261
page_count: 918, sec_articles:19282, total_articles: 19282
page_count: 919, sec_articles:19303, total_articles: 19303
page_count: 920, sec_articles:19324, total_articles: 19324
page_count: 921, sec_articles:19345, total_articles: 19345
page_count: 922, sec_articles:19366, total_articles: 19366
page_count: 923, sec_articles:19387, total_articles: 19387
page_count: 924, sec_articles:19408, total_articles: 19408
page_count: 925, sec_articles:19429, total_articles: 19429
page_count: 926, sec_articles:19450, total_articles: 19450
page_count: 927, sec_articles:19471, total_articles: 19471
page_count: 928, sec_articles:19492, total_articles: 19492
page_count: 929, sec_articles:19513, total_articles: 19513
page_count: 930, sec_articles:19534, total_articles: 19534
page_count: 931, sec_articles:19555, total_articles: 19555
page_count: 932, sec_articles:19576, total_articles: 19576
page_count: 933, sec_articles:19597, total_articles: 19597
page_count: 934, sec_articles:19618, total_articles: 19618
page_count: 935, sec_articles:19639, total_articles: 19639
page_count: 936, sec_articles:19660, total_articles: 19660
page_count: 937, sec_articles:19681, total_articles: 19681
page_count: 938, sec_articles:19702, total_articles: 19702
page_count: 939, sec_articles:19723, total_articles: 19723
page_count: 940, sec_articles:19744, total_articles: 19744
page_count: 941, sec_articles:19765, total_articles: 19765
page_count: 942, sec_articles:19786, total_articles: 19786
page_count: 943, sec_articles:19807, total_articles: 19807
page_count: 944, sec_articles:19828, total_articles: 19828
page_count: 945, sec_articles:19849, total_articles: 19849
page_count: 946, sec_articles:19870, total_articles: 19870
page_count: 947, sec_articles:19891, total_articles: 19891
page_count: 948, sec_articles:19912, total_articles: 19912
page_count: 949, sec_articles:19933, total_articles: 19933
page_count: 950, sec_articles:19954, total_articles: 19954
page_count: 951, sec_articles:19975, total_articles: 19975
page_count: 952, sec_articles:19996, total_articles: 19996
page_count: 953, sec_articles:20017, total_articles: 20017
page_count: 954, sec_articles:20038, total_articles: 20038
page_count: 955, sec_articles:20059, total_articles: 20059
page_count: 956, sec_articles:20080, total_articles: 20080
page_count: 957, sec_articles:20101, total_articles: 20101
page_count: 958, sec_articles:20122, total_articles: 20122
page_count: 959, sec_articles:20143, total_articles: 20143
page_count: 960, sec_articles:20164, total_articles: 20164
page_count: 961, sec_articles:20185, total_articles: 20185
page_count: 962, sec_articles:20206, total_articles: 20206
page_count: 963, sec_articles:20227, total_articles: 20227
page_count: 964, sec_articles:20248, total_articles: 20248
page_count: 965, sec_articles:20269, total_articles: 20269
page_count: 966, sec_articles:20290, total_articles: 20290
page_count: 967, sec_articles:20311, total_articles: 20311
page_count: 968, sec_articles:20332, total_articles: 20332
page_count: 969, sec_articles:20353, total_articles: 20353
page_count: 970, sec_articles:20374, total_articles: 20374
page_count: 971, sec_articles:20395, total_articles: 20395
page_count: 972, sec_articles:20416, total_articles: 20416
page_count: 973, sec_articles:20437, total_articles: 20437
page_count: 974, sec_articles:20458, total_articles: 20458
page_count: 975, sec_articles:20479, total_articles: 20479
page_count: 976, sec_articles:20500, total_articles: 20500
page_count: 977, sec_articles:20521, total_articles: 20521
page_count: 978, sec_articles:20542, total_articles: 20542
page_count: 979, sec_articles:20563, total_articles: 20563
page_count: 980, sec_articles:20584, total_articles: 20584
page_count: 981, sec_articles:20605, total_articles: 20605
page_count: 982, sec_articles:20626, total_articles: 20626
page_count: 983, sec_articles:20647, total_articles: 20647
page_count: 984, sec_articles:20668, total_articles: 20668
page_count: 985, sec_articles:20689, total_articles: 20689
page_count: 986, sec_articles:20710, total_articles: 20710
page_count: 987, sec_articles:20731, total_articles: 20731
page_count: 988, sec_articles:20752, total_articles: 20752
page_count: 989, sec_articles:20773, total_articles: 20773
page_count: 990, sec_articles:20794, total_articles: 20794
page_count: 991, sec_articles:20815, total_articles: 20815
page_count: 992, sec_articles:20836, total_articles: 20836
page_count: 993, sec_articles:20857, total_articles: 20857
page_count: 994, sec_articles:20878, total_articles: 20878
page_count: 995, sec_articles:20899, total_articles: 20899
page_count: 996, sec_articles:20920, total_articles: 20920
page_count: 997, sec_articles:20941, total_articles: 20941
page_count: 998, sec_articles:20962, total_articles: 20962
page_count: 999, sec_articles:20983, total_articles: 20983
page_count: 1000, sec_articles:21004, total_articles: 21004
page_count: 1001, sec_articles:21025, total_articles: 21025
page_count: 1002, sec_articles:21046, total_articles: 21046
page_count: 1003, sec_articles:21067, total_articles: 21067
page_count: 1004, sec_articles:21088, total_articles: 21088
